{
  "RSpec": {
    "coverage": {
      "/Users/stevejobs/rails_projects/flashcards/config/environment.rb": [
        null,
        1,
        null,
        null,
        1
      ],
      "/Users/stevejobs/rails_projects/flashcards/config/application.rb": [
        1,
        null,
        1,
        null,
        1,
        null,
        1,
        1,
        1,
        null,
        null
      ],
      "/Users/stevejobs/rails_projects/flashcards/config/boot.rb": [
        1,
        null,
        1
      ],
      "/Users/stevejobs/rails_projects/flashcards/config/environments/test.rb": [
        1,
        1,
        null,
        null,
        null,
        null,
        null,
        null,
        1,
        null,
        null,
        null,
        null,
        1,
        null,
        null,
        1,
        1,
        null,
        null,
        1,
        1,
        null,
        null,
        1,
        null,
        null,
        1,
        null,
        null,
        null,
        null,
        1,
        null,
        null,
        1,
        null,
        null,
        1,
        null,
        null,
        null,
        null
      ],
      "/Users/stevejobs/rails_projects/flashcards/config/initializers/assets.rb": [
        null,
        null,
        null,
        1,
        null,
        null,
        null,
        null,
        null,
        null,
        null
      ],
      "/Users/stevejobs/rails_projects/flashcards/config/initializers/backtrace_silencers.rb": [
        null,
        null,
        null,
        null,
        null,
        null,
        null
      ],
      "/Users/stevejobs/rails_projects/flashcards/config/initializers/cookies_serializer.rb": [
        null,
        null,
        1
      ],
      "/Users/stevejobs/rails_projects/flashcards/config/initializers/filter_parameter_logging.rb": [
        null,
        null,
        null,
        1
      ],
      "/Users/stevejobs/rails_projects/flashcards/config/initializers/inflections.rb": [
        null,
        null,
        null,
        null,
        null,
        null,
        null,
        null,
        null,
        null,
        null,
        null,
        null,
        null,
        null,
        null
      ],
      "/Users/stevejobs/rails_projects/flashcards/config/initializers/mime_types.rb": [
        null,
        null,
        null,
        null
      ],
      "/Users/stevejobs/rails_projects/flashcards/config/initializers/session_store.rb": [
        null,
        null,
        1
      ],
      "/Users/stevejobs/rails_projects/flashcards/config/initializers/simple_form.rb": [
        null,
        1,
        null,
        null,
        null,
        null,
        null,
        1,
        null,
        null,
        null,
        null,
        null,
        null,
        null,
        null,
        null,
        1,
        null,
        null,
        null,
        1,
        null,
        null,
        null,
        null,
        null,
        null,
        null,
        null,
        1,
        null,
        null,
        1,
        null,
        null,
        1,
        null,
        null,
        1,
        null,
        null,
        1,
        1,
        1,
        null,
        null,
        null,
        null,
        null,
        null,
        null,
        null,
        null,
        1,
        null,
        null,
        null,
        null,
        null,
        1,
        null,
        null,
        1,
        null,
        null,
        null,
        null,
        null,
        null,
        null,
        1,
        null,
        null,
        1,
        null,
        null,
        null,
        null,
        null,
        null,
        null,
        null,
        null,
        null,
        null,
        null,
        null,
        null,
        null,
        null,
        null,
        null,
        null,
        null,
        null,
        null,
        null,
        null,
        null,
        null,
        null,
        null,
        null,
        null,
        null,
        null,
        null,
        null,
        null,
        null,
        null,
        null,
        null,
        null,
        null,
        null,
        null,
        null,
        null,
        1,
        null,
        null,
        null,
        null,
        null,
        null,
        null,
        null,
        null,
        null,
        null,
        null,
        null,
        null,
        null,
        null,
        null,
        null,
        null,
        null,
        null,
        null,
        null,
        null,
        null,
        null,
        null,
        null,
        null,
        null,
        null,
        null,
        null,
        null,
        null,
        null,
        1,
        null,
        null,
        null,
        null,
        null,
        null,
        null,
        null
      ],
      "/Users/stevejobs/rails_projects/flashcards/config/initializers/simple_form_bootstrap.rb": [
        null,
        1,
        1,
        1,
        1,
        null,
        1,
        1,
        1,
        1,
        1,
        1,
        1,
        1,
        null,
        1,
        1,
        1,
        null,
        null,
        1,
        1,
        1,
        1,
        1,
        1,
        null,
        1,
        1,
        1,
        null,
        null,
        1,
        1,
        1,
        null,
        1,
        1,
        null,
        null,
        1,
        1,
        null,
        null,
        1,
        1,
        1,
        1,
        1,
        1,
        1,
        null,
        null,
        1,
        1,
        1,
        1,
        1,
        1,
        1,
        1,
        null,
        1,
        1,
        1,
        1,
        null,
        null,
        null,
        1,
        1,
        1,
        1,
        1,
        1,
        null,
        1,
        1,
        1,
        1,
        null,
        null,
        null,
        1,
        1,
        1,
        null,
        1,
        1,
        1,
        null,
        null,
        1,
        1,
        null,
        null,
        null,
        1,
        1,
        1,
        null,
        1,
        null,
        1,
        1,
        1,
        1,
        null,
        null,
        null,
        1,
        1,
        1,
        1,
        1,
        1,
        1,
        1,
        null,
        1,
        1,
        1,
        null,
        null,
        null,
        null,
        null,
        null,
        1,
        1,
        null,
        null,
        null,
        null,
        null,
        null
      ],
      "/Users/stevejobs/rails_projects/flashcards/config/initializers/sorcery.rb": [
        1,
        null,
        1,
        1,
        null,
        1,
        1,
        1,
        1,
        null,
        1,
        1,
        1,
        1,
        1,
        null,
        1,
        1,
        1,
        1,
        null,
        null,
        1,
        null
      ],
      "/Users/stevejobs/rails_projects/flashcards/config/initializers/wrap_parameters.rb": [
        null,
        null,
        null,
        null,
        null,
        null,
        1,
        1,
        null,
        null,
        null,
        null,
        null,
        null
      ],
      "/Users/stevejobs/rails_projects/flashcards/config/routes.rb": [
        1,
        null,
        1,
        1,
        1,
        1,
        null,
        1,
        1,
        1,
        null,
        null,
        1,
        1,
        null,
        null,
        1,
        null,
        null,
        1,
        null,
        null,
        1,
        1,
        1,
        null
      ],
      "/Users/stevejobs/rails_projects/flashcards/app/helpers/application_helper.rb": [
        1,
        null
      ],
      "/Users/stevejobs/rails_projects/flashcards/app/models/card.rb": [
        1,
        1,
        null,
        1,
        1,
        1,
        null,
        null,
        null,
        null,
        1,
        null,
        1,
        null,
        null,
        1,
        null,
        1,
        null,
        82,
        28,
        null,
        1,
        10,
        4,
        4,
        null,
        6,
        6,
        null,
        null,
        null,
        1,
        4,
        4,
        null,
        null,
        1,
        6,
        6,
        6,
        null,
        null,
        1,
        4,
        null,
        0,
        null,
        4,
        null,
        0,
        null,
        0,
        null,
        0,
        null,
        0,
        null,
        4,
        null,
        null,
        1,
        6,
        null,
        0,
        null,
        3,
        null,
        1,
        null,
        2,
        null,
        6,
        null,
        null,
        1,
        null,
        1,
        57,
        5,
        null,
        null,
        null,
        1,
        134,
        null,
        null,
        1,
        48,
        null,
        null
      ],
      "/Users/stevejobs/rails_projects/flashcards/app/models/deck.rb": [
        1,
        1,
        1,
        null,
        1,
        1,
        null
      ],
      "/Users/stevejobs/rails_projects/flashcards/app/models/user.rb": [
        1,
        1,
        0,
        null,
        null,
        1,
        1,
        1,
        1,
        1,
        null,
        1,
        1,
        null,
        null,
        1,
        null,
        null,
        null,
        1,
        null,
        1,
        27,
        0,
        null,
        27,
        null,
        null,
        null
      ],
      "/Users/stevejobs/rails_projects/flashcards/app/models/authentication.rb": [
        1,
        1,
        null
      ],
      "/Users/stevejobs/rails_projects/flashcards/app/controllers/user_sessions_controller.rb": [
        1,
        1,
        null,
        1,
        20,
        null,
        null,
        1,
        13,
        null,
        null,
        13,
        null,
        0,
        0,
        null,
        null,
        null,
        1,
        1,
        1,
        1,
        null,
        0,
        null,
        null,
        null,
        1,
        null,
        1,
        39,
        null,
        null
      ],
      "/Users/stevejobs/rails_projects/flashcards/app/controllers/application_controller.rb": [
        1,
        1,
        1,
        null,
        1,
        6,
        null,
        null
      ],
      "/Users/stevejobs/rails_projects/flashcards/app/controllers/reviews_controller.rb": [
        1,
        1,
        27,
        null,
        null,
        1,
        2,
        2,
        1,
        null,
        1,
        null,
        2,
        null,
        null,
        1,
        null,
        1,
        4,
        null,
        null
      ],
      "/Users/stevejobs/rails_projects/flashcards/app/controllers/cards_controller.rb": [
        1,
        1,
        1,
        null,
        1,
        6,
        null,
        null,
        1,
        null,
        null,
        1,
        8,
        null,
        null,
        1,
        null,
        null,
        1,
        8,
        8,
        5,
        null,
        3,
        null,
        null,
        null,
        1,
        1,
        1,
        null,
        0,
        null,
        null,
        null,
        1,
        0,
        0,
        null,
        null,
        1,
        null,
        1,
        9,
        9,
        1,
        1,
        null,
        null,
        null,
        1,
        9,
        null,
        null,
        1,
        3,
        null,
        null,
        1,
        9,
        null,
        null,
        null,
        null,
        null,
        null
      ],
      "/Users/stevejobs/rails_projects/flashcards/app/controllers/decks_controller.rb": [
        1,
        1,
        null,
        1,
        1,
        null,
        null,
        1,
        0,
        null,
        null,
        1,
        2,
        null,
        null,
        1,
        2,
        2,
        1,
        null,
        1,
        null,
        null,
        null,
        1,
        null,
        null,
        1,
        0,
        0,
        null,
        0,
        null,
        null,
        null,
        1,
        0,
        0,
        null,
        null,
        1,
        0,
        0,
        null,
        null,
        1,
        null,
        1,
        0,
        null,
        null,
        1,
        2,
        null,
        null
      ],
      "/Users/stevejobs/rails_projects/flashcards/app/controllers/registrations_controller.rb": [
        1,
        1,
        null,
        1,
        5,
        null,
        null,
        1,
        5,
        5,
        1,
        1,
        null,
        4,
        null,
        null,
        null,
        1,
        null,
        1,
        5,
        null,
        null,
        null,
        null,
        null
      ],
      "/Users/stevejobs/rails_projects/flashcards/app/controllers/profiles_controller.rb": [
        1,
        1,
        null,
        1,
        null,
        null,
        1,
        null,
        null,
        1,
        1,
        1,
        null,
        0,
        null,
        null,
        null,
        1,
        0,
        0,
        null,
        null,
        1,
        null,
        1,
        3,
        null,
        null,
        1,
        1,
        null,
        null,
        null,
        null,
        null
      ]
    },
    "timestamp": 1443073889
  }
}
